<?xml version="1.0" encoding="UTF-8"?>
<!-- Generated by org.testng.reporters.JUnitReportReporter -->
<testsuite hostname="Sasi" failures="0" tests="1" name="com.selenium.cookies.DemoCookies2" time="8.408" errors="0" timestamp="2022-06-14T07:48:28 IST" skipped="0">
  <testcase classname="com.selenium.cookies.DemoCookies2" name="testCookies" time="8.408"/>
  <system-out/>
</testsuite> <!-- com.selenium.cookies.DemoCookies2 -->
