<?xml version="1.0" encoding="UTF-8"?>
<!-- Generated by org.testng.reporters.JUnitReportReporter -->
<testsuite hostname="Sasi" failures="0" tests="1" name="com.selenium.cookies.DemoCookies" time="13.094" errors="0" timestamp="2022-06-14T07:43:22 IST" skipped="0">
  <testcase classname="com.selenium.cookies.DemoCookies" name="testCookies" time="13.094"/>
  <system-out/>
</testsuite> <!-- com.selenium.cookies.DemoCookies -->
