<?xml version="1.0" encoding="UTF-8"?>
<!-- Generated by org.testng.reporters.JUnitReportReporter -->
<testsuite hostname="Sasi" failures="0" tests="1" name="com.selenium.actionsClass.ShiftKeyDemo" time="6.952" errors="0" timestamp="2022-06-01T07:37:31 IST" skipped="0">
  <testcase classname="com.selenium.actionsClass.ShiftKeyDemo" name="testShiftKey" time="6.952"/>
  <system-out/>
</testsuite> <!-- com.selenium.actionsClass.ShiftKeyDemo -->
