<?xml version="1.0" encoding="UTF-8"?>
<!-- Generated by org.testng.reporters.JUnitReportReporter -->
<testsuite hostname="Sasi" failures="0" tests="3" name="com.testng.dependsOn.DemoIgnore" time="0.008" errors="0" timestamp="2022-05-30T01:39:56 IST" skipped="0">
  <testcase classname="com.testng.dependsOn.DemoIgnore" name="te1" time="0.006"/>
  <system-out/>
  <testcase classname="com.testng.dependsOn.DemoIgnore" name="te3" time="0.001"/>
  <system-out/>
  <testcase classname="com.testng.dependsOn.DemoIgnore" name="te4" time="0.001"/>
  <system-out/>
</testsuite> <!-- com.testng.dependsOn.DemoIgnore -->
