<?xml version="1.0" encoding="UTF-8"?>
<!-- Generated by org.testng.reporters.JUnitReportReporter -->
<testsuite hostname="Sasi" failures="0" tests="1" name="com.selenium.screenshots.DemoScreenshot2" time="5.944" errors="0" timestamp="2022-06-04T08:08:10 IST" skipped="0">
  <testcase classname="com.selenium.screenshots.DemoScreenshot2" name="testScreenshotElement" time="5.944"/>
  <system-out/>
</testsuite> <!-- com.selenium.screenshots.DemoScreenshot2 -->
