<?xml version="1.0" encoding="UTF-8"?>
<!-- Generated by org.testng.reporters.JUnitReportReporter -->
<testsuite hostname="Sasi" failures="0" tests="1" name="com.testng.parameter.DemoParameters3" time="0.001" errors="0" timestamp="2022-05-29T07:10:37 IST" skipped="0">
  <testcase classname="com.testng.parameter.DemoParameters3" name="testLogin" time="0.001"/>
  <system-out/>
</testsuite> <!-- com.testng.parameter.DemoParameters3 -->
