<?xml version="1.0" encoding="UTF-8"?>
<!-- Generated by org.testng.reporters.JUnitReportReporter -->
<testsuite hostname="Sasi" failures="0" tests="1" name="com.testng.groups.Demo1" time="0.009" errors="0" timestamp="2022-05-29T07:20:20 IST" skipped="0">
  <testcase classname="com.testng.groups.Demo1" name="testMethod2" time="0.009"/>
  <system-out/>
</testsuite> <!-- com.testng.groups.Demo1 -->
