<?xml version="1.0" encoding="UTF-8"?>
<!-- Generated by org.testng.reporters.JUnitReportReporter -->
<testsuite hostname="Sasi" failures="0" tests="1" name="com.selenium.DemoWindowHandle" time="15.985" errors="0" timestamp="2022-06-05T22:46:54 IST" skipped="0">
  <testcase classname="com.selenium.DemoWindowHandle" name="test" time="15.985"/>
  <system-out/>
</testsuite> <!-- com.selenium.DemoWindowHandle -->
