<?xml version="1.0" encoding="UTF-8"?>
<!-- Generated by org.testng.reporters.JUnitReportReporter -->
<testsuite hostname="Sasi" failures="0" tests="1" name="com.selenium.basicAuth.DemoBasicAuth" time="5.018" errors="0" timestamp="2022-06-18T07:59:50 IST" skipped="0">
  <testcase classname="com.selenium.basicAuth.DemoBasicAuth" name="test" time="5.018"/>
  <system-out/>
</testsuite> <!-- com.selenium.basicAuth.DemoBasicAuth -->
