<?xml version="1.0" encoding="UTF-8"?>
<!-- Generated by org.testng.reporters.JUnitReportReporter -->
<testsuite hostname="Sasi" failures="0" tests="3" name="com.testng.dependsOn.DemoIgnore2" time="0.009" errors="0" timestamp="2022-05-30T01:40:50 IST" skipped="0">
  <testcase classname="com.testng.dependsOn.DemoIgnore2" name="te3" time="0.001"/>
  <system-out/>
  <testcase classname="com.testng.dependsOn.DemoIgnore2" name="te1" time="0.007"/>
  <system-out/>
  <testcase classname="com.testng.dependsOn.DemoIgnore2" name="te4" time="0.001"/>
  <system-out/>
</testsuite> <!-- com.testng.dependsOn.DemoIgnore2 -->
