<?xml version="1.0" encoding="UTF-8"?>
<!-- Generated by org.testng.reporters.JUnitReportReporter -->
<testsuite hostname="Sasi" failures="0" tests="1" name="com.selenium.DemoWindows" time="7.428" errors="0" timestamp="2022-06-06T08:03:39 IST" skipped="0">
  <testcase classname="com.selenium.DemoWindows" name="test" time="7.428"/>
  <system-out/>
</testsuite> <!-- com.selenium.DemoWindows -->
