<?xml version="1.0" encoding="UTF-8"?>
<!-- Generated by org.testng.reporters.JUnitReportReporter -->
<testsuite hostname="Sasi" failures="0" tests="3" name="com.selenium.ignoreTest.DemoIgnore" time="22.117" errors="0" timestamp="2022-05-30T07:19:28 IST" skipped="0">
  <testcase classname="com.selenium.ignoreTest.DemoIgnore" name="operaBro" time="6.643"/>
  <system-out/>
  <testcase classname="com.selenium.ignoreTest.DemoIgnore" name="chromeBro" time="3.594"/>
  <system-out/>
  <testcase classname="com.selenium.ignoreTest.DemoIgnore" name="firefoxBro" time="11.880"/>
  <system-out/>
</testsuite> <!-- com.selenium.ignoreTest.DemoIgnore -->
