<?xml version="1.0" encoding="UTF-8"?>
<!-- Generated by org.testng.reporters.JUnitReportReporter -->
<testsuite hostname="Sasi" failures="0" tests="1" name="com.testng.parameter.DemoParametersOptional" time="0.010" errors="0" timestamp="2022-05-29T07:16:22 IST" skipped="0">
  <testcase classname="com.testng.parameter.DemoParametersOptional" name="testLogin" time="0.010"/>
  <system-out/>
</testsuite> <!-- com.testng.parameter.DemoParametersOptional -->
