<?xml version="1.0" encoding="UTF-8"?>
<!-- Generated by org.testng.reporters.JUnitReportReporter -->
<testsuite hostname="Sasi" failures="0" tests="1" name="com.selenium.action.DragAndDropDemo" time="21.249" errors="0" timestamp="2022-06-01T08:07:40 IST" skipped="0">
  <testcase classname="com.selenium.action.DragAndDropDemo" name="testLoginActionsClass" time="21.249"/>
  <system-out/>
</testsuite> <!-- com.selenium.action.DragAndDropDemo -->
