<?xml version="1.0" encoding="UTF-8"?>
<!-- Generated by org.testng.reporters.JUnitReportReporter -->
<testsuite hostname="Sasi" failures="0" tests="1" name="com.selenium.browseroptions.DemoChrome" time="5.023" errors="0" timestamp="2022-06-18T14:50:18 IST" skipped="0">
  <testcase classname="com.selenium.browseroptions.DemoChrome" name="testLoginActionsClass" time="5.023"/>
  <system-out/>
</testsuite> <!-- com.selenium.browseroptions.DemoChrome -->
