<?xml version="1.0" encoding="UTF-8"?>
<!-- Generated by org.testng.reporters.JUnitReportReporter -->
<testsuite hostname="Sasi" failures="0" tests="1" name="com.selenium.action.LoginActionClass" time="10.665" errors="0" timestamp="2022-06-01T07:45:54 IST" skipped="0">
  <testcase classname="com.selenium.action.LoginActionClass" name="testLoginActionsClass" time="10.665"/>
  <system-out/>
</testsuite> <!-- com.selenium.action.LoginActionClass -->
