<?xml version="1.0" encoding="UTF-8"?>
<!-- Generated by org.testng.reporters.JUnitReportReporter -->
<testsuite hostname="Sasi" failures="0" tests="1" name="com.selenium.cssSelector.DemoCssSelector" time="30.314" errors="0" timestamp="2022-06-13T07:27:20 IST" skipped="0">
  <testcase classname="com.selenium.cssSelector.DemoCssSelector" name="testCssSelector" time="30.314"/>
  <system-out/>
</testsuite> <!-- com.selenium.cssSelector.DemoCssSelector -->
