<?xml version="1.0" encoding="UTF-8"?>
<!-- Generated by org.testng.reporters.JUnitReportReporter -->
<testsuite hostname="Sasi" failures="0" tests="7" name="com.testng.methodsInclueExclude.DemoIncludeExclude" time="0.015" errors="0" timestamp="2022-05-29T07:34:00 IST" skipped="0">
  <testcase classname="com.testng.methodsInclueExclude.DemoIncludeExclude" name="tm3" time="0.001"/>
  <system-out/>
  <testcase classname="com.testng.methodsInclueExclude.DemoIncludeExclude" name="tm4" time="0.001"/>
  <system-out/>
  <testcase classname="com.testng.methodsInclueExclude.DemoIncludeExclude" name="tm7" time="0.000"/>
  <system-out/>
  <testcase classname="com.testng.methodsInclueExclude.DemoIncludeExclude" name="tm6" time="0.002"/>
  <system-out/>
  <testcase classname="com.testng.methodsInclueExclude.DemoIncludeExclude" name="tm2" time="0.001"/>
  <system-out/>
  <testcase classname="com.testng.methodsInclueExclude.DemoIncludeExclude" name="tm1" time="0.009"/>
  <system-out/>
  <testcase classname="com.testng.methodsInclueExclude.DemoIncludeExclude" name="tm5" time="0.001"/>
  <system-out/>
</testsuite> <!-- com.testng.methodsInclueExclude.DemoIncludeExclude -->
