<?xml version="1.0" encoding="UTF-8"?>
<!-- Generated by org.testng.reporters.JUnitReportReporter -->
<testsuite hostname="Sasi" failures="0" tests="1" name="com.selenium.DemoWindowHandle2" time="36.369" errors="0" timestamp="2022-06-06T07:47:59 IST" skipped="0">
  <testcase classname="com.selenium.DemoWindowHandle2" name="test" time="36.369"/>
  <system-out/>
</testsuite> <!-- com.selenium.DemoWindowHandle2 -->
