<?xml version="1.0" encoding="UTF-8"?>
<!-- Generated by org.testng.reporters.JUnitReportReporter -->
<testsuite hostname="Sasi" failures="0" tests="4" name="com.testng.parallel.DemoP1" time="75.480" errors="0" timestamp="2022-05-30T07:55:56 IST" skipped="0">
  <testcase classname="com.testng.parallel.DemoP1" name="te1" time="14.054"/>
  <system-out/>
  <testcase classname="com.testng.parallel.DemoP1" name="te3" time="12.419"/>
  <system-out/>
  <testcase classname="com.testng.parallel.DemoP1" name="te4" time="32.041"/>
  <system-out/>
  <testcase classname="com.testng.parallel.DemoP1" name="te2" time="16.966"/>
  <system-out/>
</testsuite> <!-- com.testng.parallel.DemoP1 -->
