<?xml version="1.0" encoding="UTF-8"?>
<!-- Generated by org.testng.reporters.JUnitReportReporter -->
<testsuite hostname="Sasi" failures="0" tests="1" name="com.selenium.mapDemo.DemoMapSeleniumFB" time="6.630" errors="0" timestamp="2022-06-19T09:44:17 IST" skipped="0">
  <testcase classname="com.selenium.mapDemo.DemoMapSeleniumFB" name="test" time="6.630"/>
  <system-out/>
</testsuite> <!-- com.selenium.mapDemo.DemoMapSeleniumFB -->
