<?xml version="1.0" encoding="UTF-8"?>
<!-- Generated by org.testng.reporters.JUnitReportReporter -->
<testsuite hostname="Sasi" failures="0" tests="1" name="com.selenoum.dataDriven.ExternalFiles.OHRM_CreatUser" time="45.859" errors="0" timestamp="2022-06-17T07:57:16 IST" skipped="0">
  <testcase classname="com.selenoum.dataDriven.ExternalFiles.OHRM_CreatUser" name="test" time="45.859"/>
  <system-out/>
</testsuite> <!-- com.selenoum.dataDriven.ExternalFiles.OHRM_CreatUser -->
