<?xml version="1.0" encoding="UTF-8"?>
<!-- Generated by org.testng.reporters.JUnitReportReporter -->
<testsuite hostname="Sasi" failures="0" tests="1" name="com.selenium.mapDemo.DemoWebTable" time="15.058" errors="0" timestamp="2022-06-19T10:16:36 IST" skipped="0">
  <testcase classname="com.selenium.mapDemo.DemoWebTable" name="testScreenshot" time="15.058"/>
  <system-out/>
</testsuite> <!-- com.selenium.mapDemo.DemoWebTable -->
