<?xml version="1.0" encoding="UTF-8"?>
<!-- Generated by org.testng.reporters.JUnitReportReporter -->
<testsuite hostname="Sasi" failures="0" tests="1" name="com.selenium.alerts.DemoFrame" time="4.219" errors="0" timestamp="2022-06-02T08:52:03 IST" skipped="0">
  <testcase classname="com.selenium.alerts.DemoFrame" name="testFrame" time="4.219"/>
  <system-out/>
</testsuite> <!-- com.selenium.alerts.DemoFrame -->
