<?xml version="1.0" encoding="UTF-8"?>
<!-- Generated by org.testng.reporters.JUnitReportReporter -->
<testsuite hostname="Sasi" failures="0" tests="6" name="com.testng.dataprovidor.DemoDataProviderTest" time="0.004" errors="0" timestamp="2022-05-28T07:37:16 IST" skipped="2">
  <testcase classname="com.testng.dataprovidor.DemoDataProviderTest" name="printNewUserData" time="0.001"/>
  <system-out/>
  <testcase classname="com.testng.dataprovidor.DemoDataProviderTest" name="printNewUserData" time="0.001"/>
  <system-out/>
  <testcase classname="com.testng.dataprovidor.DemoDataProviderTest" name="printNewUserData" time="0.001"/>
  <system-out/>
  <testcase classname="com.testng.dataprovidor.DemoDataProviderTest" name="printNewUserData" time="0.001"/>
  <system-out/>
  <testcase classname="com.testng.dataprovidor.DemoDataProviderTest" name="printUserLogindata">
    <skipped/>
  </testcase> <!-- printUserLogindata -->
  <system-out/>
  <testcase classname="com.testng.dataprovidor.DemoDataProviderTest" name="verifyData1">
    <skipped/>
  </testcase> <!-- verifyData1 -->
  <system-out/>
</testsuite> <!-- com.testng.dataprovidor.DemoDataProviderTest -->
