<?xml version="1.0" encoding="UTF-8"?>
<!-- Generated by org.testng.reporters.JUnitReportReporter -->
<testsuite hostname="Sasi" failures="0" tests="1" name="com.selenium.screenshots.DemoScreenshot1" time="5.338" errors="0" timestamp="2022-06-19T08:18:40 IST" skipped="0">
  <testcase classname="com.selenium.screenshots.DemoScreenshot1" name="testScreenshot" time="5.338"/>
  <system-out/>
</testsuite> <!-- com.selenium.screenshots.DemoScreenshot1 -->
