<?xml version="1.0" encoding="UTF-8"?>
<!-- Generated by org.testng.reporters.JUnitReportReporter -->
<testsuite hostname="Sasi" failures="0" tests="2" name="com.testng.groups.Demo2" time="0.002" errors="0" timestamp="2022-05-29T07:20:20 IST" skipped="0">
  <testcase classname="com.testng.groups.Demo2" name="testMethod12" time="0.001"/>
  <system-out/>
  <testcase classname="com.testng.groups.Demo2" name="testMethod11" time="0.001"/>
  <system-out/>
</testsuite> <!-- com.testng.groups.Demo2 -->
