<?xml version="1.0" encoding="UTF-8"?>
<!-- Generated by org.testng.reporters.JUnitReportReporter -->
<testsuite hostname="Sasi" failures="0" tests="4" name="com.testng.parallel.DemoP2" time="33.745" errors="0" timestamp="2022-05-30T07:52:42 IST" skipped="0">
  <testcase classname="com.testng.parallel.DemoP2" name="te1" time="5.585"/>
  <system-out/>
  <testcase classname="com.testng.parallel.DemoP2" name="te4" time="7.774"/>
  <system-out/>
  <testcase classname="com.testng.parallel.DemoP2" name="te2" time="5.528"/>
  <system-out/>
  <testcase classname="com.testng.parallel.DemoP2" name="te3" time="14.858"/>
  <system-out/>
</testsuite> <!-- com.testng.parallel.DemoP2 -->
