<?xml version="1.0" encoding="UTF-8"?>
<!-- Generated by org.testng.reporters.JUnitReportReporter -->
<testsuite hostname="Sasi" failures="0" tests="1" name="com.selenium.cssSelector.DemoCssSelector2" time="18.400" errors="0" timestamp="2022-06-13T08:18:36 IST" skipped="0">
  <testcase classname="com.selenium.cssSelector.DemoCssSelector2" name="testCssSelector" time="18.400"/>
  <system-out/>
</testsuite> <!-- com.selenium.cssSelector.DemoCssSelector2 -->
