<?xml version="1.0" encoding="UTF-8"?>
<!-- Generated by org.testng.reporters.JUnitReportReporter -->
<testsuite hostname="Sasi" failures="0" tests="1" name="com.selenium.DemoSelectClass" time="6.106" errors="0" timestamp="2022-06-03T08:18:01 IST" skipped="0">
  <testcase classname="com.selenium.DemoSelectClass" name="test" time="6.106"/>
  <system-out/>
</testsuite> <!-- com.selenium.DemoSelectClass -->
